Build started at 2024-05-24T04:38:07.639023
Main binary: /private/var/folders/n8/w901w1rn4ldg6yskstndsj200000gn/T/cibw-run-fdu8xjvw/cp312-macosx_x86_64/build/venv/bin/python
Build Options: -Dpython.purelibdir=. -Dpython.platlibdir=. -Dprefix=/Users/runner/work/pyHAMS/pyHAMS/meson_build
Python system: Darwin
The Meson build system
Version: 1.4.0
Source dir: /Users/runner/work/pyHAMS/pyHAMS
Build dir: /Users/runner/work/pyHAMS/pyHAMS/meson_build
Build type: native build
Project name: pyhams
Project version: undefined
-----------
Detecting compiler via: `clang --version` -> 0
stdout:
Apple clang version 14.0.0 (clang-1400.0.29.202)
Target: x86_64-apple-darwin21.6.0
Thread model: posix
InstalledDir: /Applications/Xcode_14.2.app/Contents/Developer/Toolchains/XcodeDefault.xctoolchain/usr/bin
-----------
Running command: clang -E -dM -
-----
-----------
Detecting linker via: `clang -Wl,--version` -> 1
stderr:
ld: unknown option: --version
clang: error: linker command failed with exit code 1 (use -v to see invocation)
-----------
-----------
Detecting Apple linker via: `clang -Wl,-v` -> 1
stderr:
@(#)PROGRAM:ld  PROJECT:ld64-820.1
BUILD 20:07:01 Nov  7 2022
configured to support archs: armv6 armv7 armv7s arm64 arm64e arm64_32 i386 x86_64 x86_64h armv6m armv7k armv7m armv7em
Library search paths:
	/usr/local/lib
	/Applications/Xcode_14.2.app/Contents/Developer/Platforms/MacOSX.platform/Developer/SDKs/MacOSX.sdk/usr/lib
Framework search paths:
	/Applications/Xcode_14.2.app/Contents/Developer/Platforms/MacOSX.platform/Developer/SDKs/MacOSX.sdk/System/Library/Frameworks/
Undefined symbols for architecture x86_64:
  "_main", referenced from:
     implicit entry/start for main executable
ld: symbol(s) not found for architecture x86_64
clang: error: linker command failed with exit code 1 (use -v to see invocation)
-----------
Sanity testing C compiler: clang
Is cross compiler: False.
Sanity check compiler command line: clang sanitycheckc.c -o sanitycheckc.exe
Sanity check compile stdout:

-----
Sanity check compile stderr:

-----
Running test binary command:  /Users/runner/work/pyHAMS/pyHAMS/meson_build/meson-private/sanitycheckc.exe
C compiler for the host machine: clang (clang 14.0.0 "Apple clang version 14.0.0 (clang-1400.0.29.202)")
C linker for the host machine: clang ld64 820.1
-----------
Detecting archiver via: `llvm-ar-14 --version` -> [Errno 2] No such file or directory: 'llvm-ar-14'
-----------
Detecting archiver via: `llvm-ar --version` -> [Errno 2] No such file or directory: 'llvm-ar'
-----------
Detecting archiver via: `ar --version` -> 1
stderr:
usage:  ar -d [-TLsv] archive file ...
	ar -m [-TLsv] archive file ...
	ar -m [-abiTLsv] position archive file ...
	ar -p [-TLsv] archive [file ...]
	ar -q [-cTLsv] archive file ...
	ar -r [-cuTLsv] archive file ...
	ar -r [-abciuTLsv] position archive file ...
	ar -t [-TLsv] archive [file ...]
	ar -x [-ouTLsv] archive [file ...]
-----------
-----------
Detecting compiler via: `clang --version` -> 0
stdout:
Apple clang version 14.0.0 (clang-1400.0.29.202)
Target: x86_64-apple-darwin21.6.0
Thread model: posix
InstalledDir: /Applications/Xcode_14.2.app/Contents/Developer/Toolchains/XcodeDefault.xctoolchain/usr/bin
-----------
Running command: clang -E -dM -
-----
-----------
Detecting linker via: `clang -Wl,--version` -> 1
stderr:
ld: unknown option: --version
clang: error: linker command failed with exit code 1 (use -v to see invocation)
-----------
-----------
Detecting Apple linker via: `clang -Wl,-v` -> 1
stderr:
@(#)PROGRAM:ld  PROJECT:ld64-820.1
BUILD 20:07:01 Nov  7 2022
configured to support archs: armv6 armv7 armv7s arm64 arm64e arm64_32 i386 x86_64 x86_64h armv6m armv7k armv7m armv7em
Library search paths:
	/usr/local/lib
	/Applications/Xcode_14.2.app/Contents/Developer/Platforms/MacOSX.platform/Developer/SDKs/MacOSX.sdk/usr/lib
Framework search paths:
	/Applications/Xcode_14.2.app/Contents/Developer/Platforms/MacOSX.platform/Developer/SDKs/MacOSX.sdk/System/Library/Frameworks/
Undefined symbols for architecture x86_64:
  "_main", referenced from:
     implicit entry/start for main executable
ld: symbol(s) not found for architecture x86_64
clang: error: linker command failed with exit code 1 (use -v to see invocation)
-----------
Sanity testing C compiler: clang
Is cross compiler: False.
Sanity check compiler command line: clang sanitycheckc.c -o sanitycheckc.exe
Sanity check compile stdout:

-----
Sanity check compile stderr:

-----
Running test binary command:  /Users/runner/work/pyHAMS/pyHAMS/meson_build/meson-private/sanitycheckc.exe
C compiler for the build machine: clang (clang 14.0.0 "Apple clang version 14.0.0 (clang-1400.0.29.202)")
C linker for the build machine: clang ld64 820.1
-----------
Detecting archiver via: `llvm-ar-14 --version` -> [Errno 2] No such file or directory: 'llvm-ar-14'
-----------
Detecting archiver via: `llvm-ar --version` -> [Errno 2] No such file or directory: 'llvm-ar'
-----------
Detecting archiver via: `ar --version` -> 1
stderr:
usage:  ar -d [-TLsv] archive file ...
	ar -m [-TLsv] archive file ...
	ar -m [-abiTLsv] position archive file ...
	ar -p [-TLsv] archive [file ...]
	ar -q [-cTLsv] archive file ...
	ar -r [-cuTLsv] archive file ...
	ar -r [-abciuTLsv] position archive file ...
	ar -t [-TLsv] archive [file ...]
	ar -x [-ouTLsv] archive [file ...]
-----------
Build machine cpu family: x86_64
Build machine cpu: x86_64
Host machine cpu family: x86_64
Host machine cpu: x86_64
Target machine cpu family: x86_64
Target machine cpu: x86_64
-----------
Detecting compiler via: `gfortran --version` -> 0
stdout:
GNU Fortran (Homebrew GCC 13.2.0) 13.2.0
Copyright (C) 2023 Free Software Foundation, Inc.
This is free software; see the source for copying conditions.  There is NO
warranty; not even for MERCHANTABILITY or FITNESS FOR A PARTICULAR PURPOSE.
-----------
Running command: gfortran -E -dM -
-----
-----------
Detecting linker via: `gfortran -Wl,--version` -> 1
stderr:
collect2 version 13.2.0
/usr/bin/ld -syslibroot /Library/Developer/CommandLineTools/SDKs/MacOSX12.sdk/ -dynamic -arch x86_64 -platform_version macos 12.0 0.0 -o a.out -L/usr/local/Cellar/gcc@13/13.2.0/bin/../lib/gcc/13/gcc/x86_64-apple-darwin21/13 -L/usr/local/Cellar/gcc@13/13.2.0/bin/../lib/gcc/13/gcc -L/usr/local/Cellar/gcc@13/13.2.0/bin/../lib/gcc/13/gcc/x86_64-apple-darwin21/13/../../.. --version -lemutls_w -lgcc -lSystem -no_compact_unwind -rpath @loader_path -rpath /usr/local/Cellar/gcc@13/13.2.0/lib/gcc/13/gcc/x86_64-apple-darwin21/13 -rpath /usr/local/Cellar/gcc@13/13.2.0/lib/gcc/13/gcc -rpath /usr/local/Cellar/gcc@13/13.2.0/lib/gcc/13
ld: unknown option: --version
collect2: error: ld returned 1 exit status
-----------
-----------
Detecting Apple linker via: `gfortran -Wl,-v` -> 1
stderr:
collect2 version 13.2.0
/usr/bin/ld -syslibroot /Library/Developer/CommandLineTools/SDKs/MacOSX12.sdk/ -dynamic -arch x86_64 -platform_version macos 12.0 0.0 -o a.out -L/usr/local/Cellar/gcc@13/13.2.0/bin/../lib/gcc/13/gcc/x86_64-apple-darwin21/13 -L/usr/local/Cellar/gcc@13/13.2.0/bin/../lib/gcc/13/gcc -L/usr/local/Cellar/gcc@13/13.2.0/bin/../lib/gcc/13/gcc/x86_64-apple-darwin21/13/../../.. -v -lemutls_w -lgcc -lSystem -no_compact_unwind -rpath @loader_path -rpath /usr/local/Cellar/gcc@13/13.2.0/lib/gcc/13/gcc/x86_64-apple-darwin21/13 -rpath /usr/local/Cellar/gcc@13/13.2.0/lib/gcc/13/gcc -rpath /usr/local/Cellar/gcc@13/13.2.0/lib/gcc/13
@(#)PROGRAM:ld  PROJECT:ld64-820.1
BUILD 20:07:01 Nov  7 2022
configured to support archs: armv6 armv7 armv7s arm64 arm64e arm64_32 i386 x86_64 x86_64h armv6m armv7k armv7m armv7em
Library search paths:
	/usr/local/Cellar/gcc@13/13.2.0/lib/gcc/13/gcc/x86_64-apple-darwin21/13
	/usr/local/Cellar/gcc@13/13.2.0/lib/gcc/13/gcc
	/usr/local/Cellar/gcc@13/13.2.0/lib/gcc/13
	/Library/Developer/CommandLineTools/SDKs/MacOSX12.sdk/usr/lib
Framework search paths:
	/Library/Developer/CommandLineTools/SDKs/MacOSX12.sdk/System/Library/Frameworks/
Undefined symbols for architecture x86_64:
  "_main", referenced from:
     implicit entry/start for main executable
ld: symbol(s) not found for architecture x86_64
collect2: error: ld returned 1 exit status
-----------
Sanity testing Fortran compiler: gfortran
Is cross compiler: False.
Sanity check compiler command line: gfortran sanitycheckf.f90 -o sanitycheckf.exe
Sanity check compile stdout:

-----
Sanity check compile stderr:

-----
Running test binary command:  /Users/runner/work/pyHAMS/pyHAMS/meson_build/meson-private/sanitycheckf.exe
Fortran compiler for the host machine: gfortran (gcc 13.2.0 "GNU Fortran (Homebrew GCC 13.2.0) 13.2.0")
Fortran linker for the host machine: gfortran ld64 820.1
Message: gcc
Running compile:
Working directory:  /Users/runner/work/pyHAMS/pyHAMS/meson_build/meson-private/tmpuo1oiex7
Code:
 int main(void) { return 0; }

-----------
Command line: `clang /Users/runner/work/pyHAMS/pyHAMS/meson_build/meson-private/tmpuo1oiex7/testfile.c -o /Users/runner/work/pyHAMS/pyHAMS/meson_build/meson-private/tmpuo1oiex7/output.exe -O0 -Werror=implicit-function-declaration -lm -Wl,-undefined,dynamic_lookup` -> 0
Library m found: YES
Running compile:
Working directory:  /Users/runner/work/pyHAMS/pyHAMS/meson_build/meson-private/tmpb1sm458w
Code:
 stop; end program
-----------
Command line: `gfortran /Users/runner/work/pyHAMS/pyHAMS/meson_build/meson-private/tmpb1sm458w/testfile.f90 -o /Users/runner/work/pyHAMS/pyHAMS/meson_build/meson-private/tmpb1sm458w/output.obj -c -O0 -Wconversion -Wno-conversion` -> 0
Compiler for Fortran supports arguments -Wno-conversion: YES 
Running compile:
Working directory:  /Users/runner/work/pyHAMS/pyHAMS/meson_build/meson-private/tmpk_eeztg8
Code:
 stop; end program
-----------
Command line: `gfortran /Users/runner/work/pyHAMS/pyHAMS/meson_build/meson-private/tmpk_eeztg8/testfile.f90 -o /Users/runner/work/pyHAMS/pyHAMS/meson_build/meson-private/tmpk_eeztg8/output.obj -c -O0 -fdec-math` -> 0
Compiler for Fortran supports arguments -fdec-math: YES 
Running compile:
Working directory:  /Users/runner/work/pyHAMS/pyHAMS/meson_build/meson-private/tmprfgm9f8h
Code:
 stop; end program
-----------
Command line: `gfortran /Users/runner/work/pyHAMS/pyHAMS/meson_build/meson-private/tmprfgm9f8h/testfile.f90 -o /Users/runner/work/pyHAMS/pyHAMS/meson_build/meson-private/tmprfgm9f8h/output.obj -c -O0 -fno-align-commons` -> 0
Compiler for Fortran supports arguments -fno-align-commons: YES 
Program python3 found: YES (/private/var/folders/n8/w901w1rn4ldg6yskstndsj200000gn/T/cibw-run-fdu8xjvw/cp312-macosx_x86_64/build/venv/bin/python)
Searching for 'python-3.12' via pkgconfig lookup in LIBPC
Pkg-config binary missing from cross or native file, or env var undefined.
Trying a default Pkg-config fallback at pkg-config
Found pkg-config: YES (/usr/local/bin/pkg-config) 0.29.2
Determining dependency 'python-3.12' with pkg-config executable '/usr/local/bin/pkg-config'
env[PKG_CONFIG_LIBDIR]: /Library/Frameworks/Python.framework/Versions/3.12/lib/pkgconfig
env[PKG_CONFIG_PATH]: 
env[PKG_CONFIG]: /usr/local/bin/pkg-config
-----------
Called: `/usr/local/bin/pkg-config --modversion python-3.12` -> 0
stdout:
3.12
-----------
env[PKG_CONFIG_LIBDIR]: /Library/Frameworks/Python.framework/Versions/3.12/lib/pkgconfig
env[PKG_CONFIG_PATH]: 
env[PKG_CONFIG]: /usr/local/bin/pkg-config
-----------
Called: `/usr/local/bin/pkg-config --cflags python-3.12` -> 0
stdout:
-I/Library/Frameworks/Python.framework/Versions/3.12/include/python3.12
-----------
env[PKG_CONFIG_LIBDIR]: /Library/Frameworks/Python.framework/Versions/3.12/lib/pkgconfig
env[PKG_CONFIG_ALLOW_SYSTEM_LIBS]: 1
env[PKG_CONFIG_PATH]: 
env[PKG_CONFIG]: /usr/local/bin/pkg-config
-----------
Called: `/usr/local/bin/pkg-config --libs python-3.12` -> 0
stdout:
-L/Library/Frameworks/Python.framework/Versions/3.12/lib
-----------
env[PKG_CONFIG_LIBDIR]: /Library/Frameworks/Python.framework/Versions/3.12/lib/pkgconfig
env[PKG_CONFIG_PATH]: 
env[PKG_CONFIG]: /usr/local/bin/pkg-config
-----------
Called: `/usr/local/bin/pkg-config --libs python-3.12` -> 0
stdout:
-L/Library/Frameworks/Python.framework/Versions/3.12/lib
-----------
Run-time dependency python found: YES 3.12
Message: /private/var/folders/n8/w901w1rn4ldg6yskstndsj200000gn/T/cibw-run-fdu8xjvw/cp312-macosx_x86_64/build/venv/bin/python
Message: /Users/runner/work/pyHAMS/pyHAMS/meson_build/./
Running command: /private/var/folders/n8/w901w1rn4ldg6yskstndsj200000gn/T/cibw-run-fdu8xjvw/cp312-macosx_x86_64/build/venv/bin/python -c 'import os; os.chdir(".."); import numpy; print(numpy.get_include())'
--- stdout ---
/private/var/folders/n8/w901w1rn4ldg6yskstndsj200000gn/T/cibw-run-fdu8xjvw/cp312-macosx_x86_64/build/venv/lib/python3.12/site-packages/numpy/core/include

--- stderr ---


Build targets in project: 3

pyhams undefined

  User defined options
    prefix           : /Users/runner/work/pyHAMS/pyHAMS/meson_build
    python.platlibdir: .
    python.purelibdir: .

Found ninja-1.11.1.git.kitware.jobserver-1 at /private/var/folders/n8/w901w1rn4ldg6yskstndsj200000gn/T/cibw-run-fdu8xjvw/cp312-macosx_x86_64/build/venv/bin/ninja
Running compile:
Working directory:  /Users/runner/work/pyHAMS/pyHAMS/meson_build/meson-private/tmpmqsy_1nj
Code:
 
-----------
Command line: `gfortran /Users/runner/work/pyHAMS/pyHAMS/meson_build/meson-private/tmpmqsy_1nj/testfile.f90 -o /Users/runner/work/pyHAMS/pyHAMS/meson_build/meson-private/tmpmqsy_1nj/output.obj -c -O0 --print-search-dirs` -> 0
stdout:
install: /usr/local/Cellar/gcc@13/13.2.0/bin/../lib/gcc/13/gcc/x86_64-apple-darwin21/13/
programs: =/usr/local/Cellar/gcc@13/13.2.0/bin/../libexec/gcc/x86_64-apple-darwin21/13/:/usr/local/Cellar/gcc@13/13.2.0/bin/../libexec/gcc/:/usr/local/Cellar/gcc@13/13.2.0/bin/../lib/gcc/13/gcc/x86_64-apple-darwin21/13/../../../../../../x86_64-apple-darwin21/bin/x86_64-apple-darwin21/13/:/usr/local/Cellar/gcc@13/13.2.0/bin/../lib/gcc/13/gcc/x86_64-apple-darwin21/13/../../../../../../x86_64-apple-darwin21/bin/
libraries: =/usr/local/Cellar/gcc@13/13.2.0/bin/../lib/gcc/13/gcc/x86_64-apple-darwin21/13/:/usr/local/Cellar/gcc@13/13.2.0/bin/../lib/gcc/13/gcc/:/usr/local/Cellar/gcc@13/13.2.0/bin/../lib/gcc/13/gcc/x86_64-apple-darwin21/13/../../../../../../x86_64-apple-darwin21/lib/x86_64-apple-darwin21/13/:/usr/local/Cellar/gcc@13/13.2.0/bin/../lib/gcc/13/gcc/x86_64-apple-darwin21/13/../../../../../../x86_64-apple-darwin21/lib/:/usr/local/Cellar/gcc@13/13.2.0/bin/../lib/gcc/13/gcc/x86_64-apple-darwin21/13/../../../x86_64-apple-darwin21/13/:/usr/local/Cellar/gcc@13/13.2.0/bin/../lib/gcc/13/gcc/x86_64-apple-darwin21/13/../../../
-----------
!meson_ci!/ci_include "/Users/runner/work/pyHAMS/pyHAMS/meson_build/build.ninja"
