Build started at 2024-05-24T04:33:51.741961
Main binary: /private/var/folders/2f/8t5k6yr535sdw0s4glnpxrzm0000gn/T/cibw-run-0h0l0c8n/cp312-macosx_arm64/build/venv/bin/python
Build Options: -Dpython.purelibdir=. -Dpython.platlibdir=. -Dprefix=/Users/runner/work/pyHAMS/pyHAMS/meson_build
Python system: Darwin
The Meson build system
Version: 1.4.0
Source dir: /Users/runner/work/pyHAMS/pyHAMS
Build dir: /Users/runner/work/pyHAMS/pyHAMS/meson_build
Build type: native build
Project name: pyhams
Project version: undefined
-----------
Detecting compiler via: `clang --version` -> 0
stdout:
Apple clang version 15.0.0 (clang-1500.0.40.1)
Target: arm64-apple-darwin23.4.0
Thread model: posix
InstalledDir: /Applications/Xcode_15.0.1.app/Contents/Developer/Toolchains/XcodeDefault.xctoolchain/usr/bin
-----------
Running command: clang -E -dM -
-----
-----------
Detecting linker via: `clang -Wl,--version` -> 1
stderr:
ld: unknown options: --version 
clang: error: linker command failed with exit code 1 (use -v to see invocation)
-----------
-----------
Detecting Apple linker via: `clang -Wl,-v` -> 1
stderr:
@(#)PROGRAM:ld  PROJECT:dyld-1015.7
BUILD 16:59:34 Oct  1 2023
configured to support archs: armv6 armv7 armv7s arm64 arm64e arm64_32 i386 x86_64 x86_64h armv6m armv7k armv7m armv7em
will use ld-classic for: armv6 armv7 armv7s arm64_32 i386 armv6m armv7k armv7m armv7em
LTO support using: LLVM version 15.0.0 (static support for 29, runtime is 29)
TAPI support using: Apple TAPI version 15.0.0 (tapi-1500.0.12.3)
Library search paths:
	/usr/local/lib
Framework search paths:
ld: Undefined symbols:
  _main, referenced from:
      <initial-undefines>
clang: error: linker command failed with exit code 1 (use -v to see invocation)
-----------
Sanity testing C compiler: clang
Is cross compiler: False.
Sanity check compiler command line: clang sanitycheckc.c -o sanitycheckc.exe
Sanity check compile stdout:

-----
Sanity check compile stderr:

-----
Running test binary command:  /Users/runner/work/pyHAMS/pyHAMS/meson_build/meson-private/sanitycheckc.exe
C compiler for the host machine: clang (clang 15.0.0 "Apple clang version 15.0.0 (clang-1500.0.40.1)")
C linker for the host machine: clang ld64 1015.7
-----------
Detecting archiver via: `llvm-ar-15 --version` -> [Errno 2] No such file or directory: 'llvm-ar-15'
-----------
Detecting archiver via: `llvm-ar --version` -> [Errno 2] No such file or directory: 'llvm-ar'
-----------
Detecting archiver via: `ar --version` -> 1
stderr:
usage:  ar -d [-TLsv] archive file ...
	ar -m [-TLsv] archive file ...
	ar -m [-abiTLsv] position archive file ...
	ar -p [-TLsv] archive [file ...]
	ar -q [-cTLsv] archive file ...
	ar -r [-cuTLsv] archive file ...
	ar -r [-abciuTLsv] position archive file ...
	ar -t [-TLsv] archive [file ...]
	ar -x [-ouTLsv] archive [file ...]
-----------
-----------
Detecting compiler via: `clang --version` -> 0
stdout:
Apple clang version 15.0.0 (clang-1500.0.40.1)
Target: arm64-apple-darwin23.4.0
Thread model: posix
InstalledDir: /Applications/Xcode_15.0.1.app/Contents/Developer/Toolchains/XcodeDefault.xctoolchain/usr/bin
-----------
Running command: clang -E -dM -
-----
-----------
Detecting linker via: `clang -Wl,--version` -> 1
stderr:
ld: unknown options: --version 
clang: error: linker command failed with exit code 1 (use -v to see invocation)
-----------
-----------
Detecting Apple linker via: `clang -Wl,-v` -> 1
stderr:
@(#)PROGRAM:ld  PROJECT:dyld-1015.7
BUILD 16:59:34 Oct  1 2023
configured to support archs: armv6 armv7 armv7s arm64 arm64e arm64_32 i386 x86_64 x86_64h armv6m armv7k armv7m armv7em
will use ld-classic for: armv6 armv7 armv7s arm64_32 i386 armv6m armv7k armv7m armv7em
LTO support using: LLVM version 15.0.0 (static support for 29, runtime is 29)
TAPI support using: Apple TAPI version 15.0.0 (tapi-1500.0.12.3)
Library search paths:
	/usr/local/lib
Framework search paths:
ld: Undefined symbols:
  _main, referenced from:
      <initial-undefines>
clang: error: linker command failed with exit code 1 (use -v to see invocation)
-----------
Sanity testing C compiler: clang
Is cross compiler: False.
Sanity check compiler command line: clang sanitycheckc.c -o sanitycheckc.exe
Sanity check compile stdout:

-----
Sanity check compile stderr:

-----
Running test binary command:  /Users/runner/work/pyHAMS/pyHAMS/meson_build/meson-private/sanitycheckc.exe
C compiler for the build machine: clang (clang 15.0.0 "Apple clang version 15.0.0 (clang-1500.0.40.1)")
C linker for the build machine: clang ld64 1015.7
-----------
Detecting archiver via: `llvm-ar-15 --version` -> [Errno 2] No such file or directory: 'llvm-ar-15'
-----------
Detecting archiver via: `llvm-ar --version` -> [Errno 2] No such file or directory: 'llvm-ar'
-----------
Detecting archiver via: `ar --version` -> 1
stderr:
usage:  ar -d [-TLsv] archive file ...
	ar -m [-TLsv] archive file ...
	ar -m [-abiTLsv] position archive file ...
	ar -p [-TLsv] archive [file ...]
	ar -q [-cTLsv] archive file ...
	ar -r [-cuTLsv] archive file ...
	ar -r [-abciuTLsv] position archive file ...
	ar -t [-TLsv] archive [file ...]
	ar -x [-ouTLsv] archive [file ...]
-----------
Build machine cpu family: aarch64
Build machine cpu: aarch64
Host machine cpu family: aarch64
Host machine cpu: aarch64
Target machine cpu family: aarch64
Target machine cpu: aarch64
-----------
Detecting compiler via: `gfortran --version` -> 0
stdout:
GNU Fortran (Homebrew GCC 13.2.0) 13.2.0
Copyright (C) 2023 Free Software Foundation, Inc.
This is free software; see the source for copying conditions.  There is NO
warranty; not even for MERCHANTABILITY or FITNESS FOR A PARTICULAR PURPOSE.
-----------
Running command: gfortran -E -dM -
-----
-----------
Detecting linker via: `gfortran -Wl,--version` -> 1
stderr:
collect2 version 13.2.0
/usr/bin/ld -syslibroot /Library/Developer/CommandLineTools/SDKs/MacOSX14.sdk/ -dynamic -arch arm64 -platform_version macos 14.0 0.0 -o a.out -L/opt/homebrew/Cellar/gcc@13/13.2.0/bin/../lib/gcc/13/gcc/aarch64-apple-darwin23/13 -L/opt/homebrew/Cellar/gcc@13/13.2.0/bin/../lib/gcc/13/gcc -L/opt/homebrew/Cellar/gcc@13/13.2.0/bin/../lib/gcc/13/gcc/aarch64-apple-darwin23/13/../../.. --version -lemutls_w -lgcc -lSystem -no_compact_unwind -rpath @loader_path -rpath /opt/homebrew/Cellar/gcc@13/13.2.0/lib/gcc/13/gcc/aarch64-apple-darwin23/13 -rpath /opt/homebrew/Cellar/gcc@13/13.2.0/lib/gcc/13/gcc -rpath /opt/homebrew/Cellar/gcc@13/13.2.0/lib/gcc/13
ld: unknown options: --version 
collect2: error: ld returned 1 exit status
-----------
-----------
Detecting Apple linker via: `gfortran -Wl,-v` -> 0
stderr:
collect2 version 13.2.0
/usr/bin/ld -syslibroot /Library/Developer/CommandLineTools/SDKs/MacOSX14.sdk/ -dynamic -arch arm64 -platform_version macos 14.0 0.0 -o a.out -L/opt/homebrew/Cellar/gcc@13/13.2.0/bin/../lib/gcc/13/gcc/aarch64-apple-darwin23/13 -L/opt/homebrew/Cellar/gcc@13/13.2.0/bin/../lib/gcc/13/gcc -L/opt/homebrew/Cellar/gcc@13/13.2.0/bin/../lib/gcc/13/gcc/aarch64-apple-darwin23/13/../../.. -v -lemutls_w -lgcc -lSystem -no_compact_unwind -rpath @loader_path -rpath /opt/homebrew/Cellar/gcc@13/13.2.0/lib/gcc/13/gcc/aarch64-apple-darwin23/13 -rpath /opt/homebrew/Cellar/gcc@13/13.2.0/lib/gcc/13/gcc -rpath /opt/homebrew/Cellar/gcc@13/13.2.0/lib/gcc/13
@(#)PROGRAM:ld  PROJECT:dyld-1015.7
BUILD 16:59:34 Oct  1 2023
configured to support archs: armv6 armv7 armv7s arm64 arm64e arm64_32 i386 x86_64 x86_64h armv6m armv7k armv7m armv7em
will use ld-classic for: armv6 armv7 armv7s arm64_32 i386 armv6m armv7k armv7m armv7em
LTO support using: LLVM version 15.0.0 (static support for 29, runtime is 29)
TAPI support using: Apple TAPI version 15.0.0 (tapi-1500.0.12.3)
Library search paths:
	/opt/homebrew/Cellar/gcc@13/13.2.0/bin/../lib/gcc/13/gcc/aarch64-apple-darwin23/13
	/opt/homebrew/Cellar/gcc@13/13.2.0/bin/../lib/gcc/13/gcc
	/opt/homebrew/Cellar/gcc@13/13.2.0/bin/../lib/gcc/13/gcc/aarch64-apple-darwin23/13/../../..
Framework search paths:
-----------
Sanity testing Fortran compiler: gfortran
Is cross compiler: False.
Sanity check compiler command line: gfortran sanitycheckf.f90 -o sanitycheckf.exe
Sanity check compile stdout:

-----
Sanity check compile stderr:

-----
Running test binary command:  /Users/runner/work/pyHAMS/pyHAMS/meson_build/meson-private/sanitycheckf.exe
Fortran compiler for the host machine: gfortran (gcc 13.2.0 "GNU Fortran (Homebrew GCC 13.2.0) 13.2.0")
Fortran linker for the host machine: gfortran ld64 1015.7
Message: gcc
Running compile:
Working directory:  /Users/runner/work/pyHAMS/pyHAMS/meson_build/meson-private/tmp6lyfvij3
Code:
 int main(void) { return 0; }

-----------
Command line: `clang /Users/runner/work/pyHAMS/pyHAMS/meson_build/meson-private/tmp6lyfvij3/testfile.c -o /Users/runner/work/pyHAMS/pyHAMS/meson_build/meson-private/tmp6lyfvij3/output.exe -O0 -Werror=implicit-function-declaration -lm -Wl,-undefined,dynamic_lookup` -> 0
Library m found: YES
Running compile:
Working directory:  /Users/runner/work/pyHAMS/pyHAMS/meson_build/meson-private/tmp2h7vr_vp
Code:
 stop; end program
-----------
Command line: `gfortran /Users/runner/work/pyHAMS/pyHAMS/meson_build/meson-private/tmp2h7vr_vp/testfile.f90 -o /Users/runner/work/pyHAMS/pyHAMS/meson_build/meson-private/tmp2h7vr_vp/output.obj -c -O0 -Wconversion -Wno-conversion` -> 0
Compiler for Fortran supports arguments -Wno-conversion: YES 
Running compile:
Working directory:  /Users/runner/work/pyHAMS/pyHAMS/meson_build/meson-private/tmp079mn9nh
Code:
 stop; end program
-----------
Command line: `gfortran /Users/runner/work/pyHAMS/pyHAMS/meson_build/meson-private/tmp079mn9nh/testfile.f90 -o /Users/runner/work/pyHAMS/pyHAMS/meson_build/meson-private/tmp079mn9nh/output.obj -c -O0 -fdec-math` -> 0
Compiler for Fortran supports arguments -fdec-math: YES 
Running compile:
Working directory:  /Users/runner/work/pyHAMS/pyHAMS/meson_build/meson-private/tmpw5cc7dgc
Code:
 stop; end program
-----------
Command line: `gfortran /Users/runner/work/pyHAMS/pyHAMS/meson_build/meson-private/tmpw5cc7dgc/testfile.f90 -o /Users/runner/work/pyHAMS/pyHAMS/meson_build/meson-private/tmpw5cc7dgc/output.obj -c -O0 -fno-align-commons` -> 0
Compiler for Fortran supports arguments -fno-align-commons: YES 
Program python3 found: YES (/private/var/folders/2f/8t5k6yr535sdw0s4glnpxrzm0000gn/T/cibw-run-0h0l0c8n/cp312-macosx_arm64/build/venv/bin/python)
Searching for 'python-3.12' via pkgconfig lookup in LIBPC
Pkg-config binary missing from cross or native file, or env var undefined.
Trying a default Pkg-config fallback at pkg-config
Found pkg-config: YES (/opt/homebrew/bin/pkg-config) 0.29.2
Determining dependency 'python-3.12' with pkg-config executable '/opt/homebrew/bin/pkg-config'
env[PKG_CONFIG_LIBDIR]: /Library/Frameworks/Python.framework/Versions/3.12/lib/pkgconfig
env[PKG_CONFIG_PATH]: 
env[PKG_CONFIG]: /opt/homebrew/bin/pkg-config
-----------
Called: `/opt/homebrew/bin/pkg-config --modversion python-3.12` -> 0
stdout:
3.12
-----------
env[PKG_CONFIG_LIBDIR]: /Library/Frameworks/Python.framework/Versions/3.12/lib/pkgconfig
env[PKG_CONFIG_PATH]: 
env[PKG_CONFIG]: /opt/homebrew/bin/pkg-config
-----------
Called: `/opt/homebrew/bin/pkg-config --cflags python-3.12` -> 0
stdout:
-I/Library/Frameworks/Python.framework/Versions/3.12/include/python3.12
-----------
env[PKG_CONFIG_LIBDIR]: /Library/Frameworks/Python.framework/Versions/3.12/lib/pkgconfig
env[PKG_CONFIG_ALLOW_SYSTEM_LIBS]: 1
env[PKG_CONFIG_PATH]: 
env[PKG_CONFIG]: /opt/homebrew/bin/pkg-config
-----------
Called: `/opt/homebrew/bin/pkg-config --libs python-3.12` -> 0
stdout:
-L/Library/Frameworks/Python.framework/Versions/3.12/lib
-----------
env[PKG_CONFIG_LIBDIR]: /Library/Frameworks/Python.framework/Versions/3.12/lib/pkgconfig
env[PKG_CONFIG_PATH]: 
env[PKG_CONFIG]: /opt/homebrew/bin/pkg-config
-----------
Called: `/opt/homebrew/bin/pkg-config --libs python-3.12` -> 0
stdout:
-L/Library/Frameworks/Python.framework/Versions/3.12/lib
-----------
Run-time dependency python found: YES 3.12
Message: /private/var/folders/2f/8t5k6yr535sdw0s4glnpxrzm0000gn/T/cibw-run-0h0l0c8n/cp312-macosx_arm64/build/venv/bin/python
Message: /Users/runner/work/pyHAMS/pyHAMS/meson_build/./
Running command: /private/var/folders/2f/8t5k6yr535sdw0s4glnpxrzm0000gn/T/cibw-run-0h0l0c8n/cp312-macosx_arm64/build/venv/bin/python -c 'import os; os.chdir(".."); import numpy; print(numpy.get_include())'
--- stdout ---
/private/var/folders/2f/8t5k6yr535sdw0s4glnpxrzm0000gn/T/cibw-run-0h0l0c8n/cp312-macosx_arm64/build/venv/lib/python3.12/site-packages/numpy/core/include

--- stderr ---


Build targets in project: 3

pyhams undefined

  User defined options
    prefix           : /Users/runner/work/pyHAMS/pyHAMS/meson_build
    python.platlibdir: .
    python.purelibdir: .

Found ninja-1.11.1.git.kitware.jobserver-1 at /private/var/folders/2f/8t5k6yr535sdw0s4glnpxrzm0000gn/T/cibw-run-0h0l0c8n/cp312-macosx_arm64/build/venv/bin/ninja
Running compile:
Working directory:  /Users/runner/work/pyHAMS/pyHAMS/meson_build/meson-private/tmpv880azyb
Code:
 
-----------
Command line: `gfortran /Users/runner/work/pyHAMS/pyHAMS/meson_build/meson-private/tmpv880azyb/testfile.f90 -o /Users/runner/work/pyHAMS/pyHAMS/meson_build/meson-private/tmpv880azyb/output.obj -c -O0 --print-search-dirs` -> 0
stdout:
install: /opt/homebrew/Cellar/gcc@13/13.2.0/bin/../lib/gcc/13/gcc/aarch64-apple-darwin23/13/
programs: =/opt/homebrew/Cellar/gcc@13/13.2.0/bin/../libexec/gcc/aarch64-apple-darwin23/13/:/opt/homebrew/Cellar/gcc@13/13.2.0/bin/../libexec/gcc/:/opt/homebrew/Cellar/gcc@13/13.2.0/bin/../lib/gcc/13/gcc/aarch64-apple-darwin23/13/../../../../../../aarch64-apple-darwin23/bin/aarch64-apple-darwin23/13/:/opt/homebrew/Cellar/gcc@13/13.2.0/bin/../lib/gcc/13/gcc/aarch64-apple-darwin23/13/../../../../../../aarch64-apple-darwin23/bin/
libraries: =/opt/homebrew/Cellar/gcc@13/13.2.0/bin/../lib/gcc/13/gcc/aarch64-apple-darwin23/13/:/opt/homebrew/Cellar/gcc@13/13.2.0/bin/../lib/gcc/13/gcc/:/opt/homebrew/Cellar/gcc@13/13.2.0/bin/../lib/gcc/13/gcc/aarch64-apple-darwin23/13/../../../../../../aarch64-apple-darwin23/lib/aarch64-apple-darwin23/13/:/opt/homebrew/Cellar/gcc@13/13.2.0/bin/../lib/gcc/13/gcc/aarch64-apple-darwin23/13/../../../../../../aarch64-apple-darwin23/lib/:/opt/homebrew/Cellar/gcc@13/13.2.0/bin/../lib/gcc/13/gcc/aarch64-apple-darwin23/13/../../../aarch64-apple-darwin23/13/:/opt/homebrew/Cellar/gcc@13/13.2.0/bin/../lib/gcc/13/gcc/aarch64-apple-darwin23/13/../../../
-----------
!meson_ci!/ci_include "/Users/runner/work/pyHAMS/pyHAMS/meson_build/build.ninja"
